<?xml version="1.0" encoding="UTF-8"?>
<testng-results ignored="0" total="0" passed="0" failed="0" skipped="0">
  <reporter-output>
  </reporter-output>
  <suite started-at="2024-04-09T23:14:05 PDT" name="Surefire suite" finished-at="2024-04-09T23:14:13 PDT" duration-ms="7995">
    <groups>
    </groups>
    <test started-at="2024-04-09T23:14:05 PDT" name="Surefire test" finished-at="2024-04-09T23:14:13 PDT" duration-ms="7995">
      <class name="base.BaseTest">
        <test-method is-config="true" signature="setup()[pri:0, instance:base.BaseTest@4d5b6aac]" started-at="2024-04-09T23:14:05 PDT" name="setup" finished-at="2024-04-09T23:14:12 PDT" duration-ms="6870" status="PASS">
          <reporter-output>
          </reporter-output>
        </test-method> <!-- setup -->
        <test-method is-config="true" signature="tearDown()[pri:0, instance:base.BaseTest@4d5b6aac]" started-at="2024-04-09T23:14:12 PDT" name="tearDown" finished-at="2024-04-09T23:14:13 PDT" duration-ms="1105" status="PASS">
          <reporter-output>
          </reporter-output>
        </test-method> <!-- tearDown -->
      </class> <!-- base.BaseTest -->
    </test> <!-- Surefire test -->
  </suite> <!-- Surefire suite -->
</testng-results>
